
> part1@0.1.0 start
> react-scripts start

(node:14070) [DEP_WEBPACK_DEV_SERVER_ON_AFTER_SETUP_MIDDLEWARE] DeprecationWarning: 'onAfterSetupMiddleware' option is deprecated. Please use the 'setupMiddlewares' option.
(Use `node --trace-deprecation ...` to show where the warning was created)
(node:14070) [DEP_WEBPACK_DEV_SERVER_ON_BEFORE_SETUP_MIDDLEWARE] DeprecationWarning: 'onBeforeSetupMiddleware' option is deprecated. Please use the 'setupMiddlewares' option.
Starting the development server...

Failed to compile.

[eslint] 
src/App.js
Syntax error: Expected corresponding JSX closing tag for <Total>. (37:4) (37:4)
ERROR in ./src/App.js
Module build failed (from ./node_modules/babel-loader/lib/index.js):
SyntaxError: /Users/root1/Github/Full_Stack_open_2022_Exercises/part2/course-info/src/App.js: Expected corresponding JSX closing tag for <Total>. (37:4)

  35 |           </div>
  36 |           <Total parts={course.parts}>
> 37 |     </div>
     |     ^
  38 |   )
  39 | }
  40 | const App = () => {
    at instantiate (/Users/root1/Github/Full_Stack_open_2022_Exercises/part2/course-info/node_modules/@babel/parser/lib/index.js:72:32)
    at constructor (/Users/root1/Github/Full_Stack_open_2022_Exercises/part2/course-info/node_modules/@babel/parser/lib/index.js:367:12)
    at FlowParserMixin.raise (/Users/root1/Github/Full_Stack_open_2022_Exercises/part2/course-info/node_modules/@babel/parser/lib/index.js:3706:19)
    at FlowParserMixin.jsxParseElementAt (/Users/root1/Github/Full_Stack_open_2022_Exercises/part2/course-info/node_modules/@babel/parser/lib/index.js:8153:16)
    at FlowParserMixin.jsxParseElementAt (/Users/root1/Github/Full_Stack_open_2022_Exercises/part2/course-info/node_modules/@babel/parser/lib/index.js:8115:32)
    at FlowParserMixin.jsxParseElement (/Users/root1/Github/Full_Stack_open_2022_Exercises/part2/course-info/node_modules/@babel/parser/lib/index.js:8184:17)
    at FlowParserMixin.parseExprAtom (/Users/root1/Github/Full_Stack_open_2022_Exercises/part2/course-info/node_modules/@babel/parser/lib/index.js:8198:19)
    at FlowParserMixin.parseExprSubscripts (/Users/root1/Github/Full_Stack_open_2022_Exercises/part2/course-info/node_modules/@babel/parser/lib/index.js:12875:23)
    at FlowParserMixin.parseUpdate (/Users/root1/Github/Full_Stack_open_2022_Exercises/part2/course-info/node_modules/@babel/parser/lib/index.js:12854:21)
    at FlowParserMixin.parseMaybeUnary (/Users/root1/Github/Full_Stack_open_2022_Exercises/part2/course-info/node_modules/@babel/parser/lib/index.js:12824:23)
    at FlowParserMixin.parseMaybeUnaryOrPrivate (/Users/root1/Github/Full_Stack_open_2022_Exercises/part2/course-info/node_modules/@babel/parser/lib/index.js:12615:61)
    at FlowParserMixin.parseExprOps (/Users/root1/Github/Full_Stack_open_2022_Exercises/part2/course-info/node_modules/@babel/parser/lib/index.js:12622:23)
    at FlowParserMixin.parseMaybeConditional (/Users/root1/Github/Full_Stack_open_2022_Exercises/part2/course-info/node_modules/@babel/parser/lib/index.js:12592:23)
    at FlowParserMixin.parseMaybeAssign (/Users/root1/Github/Full_Stack_open_2022_Exercises/part2/course-info/node_modules/@babel/parser/lib/index.js:12544:21)
    at /Users/root1/Github/Full_Stack_open_2022_Exercises/part2/course-info/node_modules/@babel/parser/lib/index.js:6755:39
    at FlowParserMixin.tryParse (/Users/root1/Github/Full_Stack_open_2022_Exercises/part2/course-info/node_modules/@babel/parser/lib/index.js:4166:20)
    at FlowParserMixin.parseMaybeAssign (/Users/root1/Github/Full_Stack_open_2022_Exercises/part2/course-info/node_modules/@babel/parser/lib/index.js:6755:18)
    at /Users/root1/Github/Full_Stack_open_2022_Exercises/part2/course-info/node_modules/@babel/parser/lib/index.js:12502:39
    at FlowParserMixin.allowInAnd (/Users/root1/Github/Full_Stack_open_2022_Exercises/part2/course-info/node_modules/@babel/parser/lib/index.js:14576:12)
    at FlowParserMixin.parseMaybeAssignAllowIn (/Users/root1/Github/Full_Stack_open_2022_Exercises/part2/course-info/node_modules/@babel/parser/lib/index.js:12502:17)
    at FlowParserMixin.parseParenAndDistinguishExpression (/Users/root1/Github/Full_Stack_open_2022_Exercises/part2/course-info/node_modules/@babel/parser/lib/index.js:13631:28)
    at FlowParserMixin.parseParenAndDistinguishExpression (/Users/root1/Github/Full_Stack_open_2022_Exercises/part2/course-info/node_modules/@babel/parser/lib/index.js:6873:18)
    at FlowParserMixin.parseExprAtom (/Users/root1/Github/Full_Stack_open_2022_Exercises/part2/course-info/node_modules/@babel/parser/lib/index.js:13203:23)
    at FlowParserMixin.parseExprAtom (/Users/root1/Github/Full_Stack_open_2022_Exercises/part2/course-info/node_modules/@babel/parser/lib/index.js:8203:20)
    at FlowParserMixin.parseExprSubscripts (/Users/root1/Github/Full_Stack_open_2022_Exercises/part2/course-info/node_modules/@babel/parser/lib/index.js:12875:23)
    at FlowParserMixin.parseUpdate (/Users/root1/Github/Full_Stack_open_2022_Exercises/part2/course-info/node_modules/@babel/parser/lib/index.js:12854:21)
    at FlowParserMixin.parseMaybeUnary (/Users/root1/Github/Full_Stack_open_2022_Exercises/part2/course-info/node_modules/@babel/parser/lib/index.js:12824:23)
    at FlowParserMixin.parseMaybeUnaryOrPrivate (/Users/root1/Github/Full_Stack_open_2022_Exercises/part2/course-info/node_modules/@babel/parser/lib/index.js:12615:61)
    at FlowParserMixin.parseExprOps (/Users/root1/Github/Full_Stack_open_2022_Exercises/part2/course-info/node_modules/@babel/parser/lib/index.js:12622:23)
    at FlowParserMixin.parseMaybeConditional (/Users/root1/Github/Full_Stack_open_2022_Exercises/part2/course-info/node_modules/@babel/parser/lib/index.js:12592:23)
    at FlowParserMixin.parseMaybeAssign (/Users/root1/Github/Full_Stack_open_2022_Exercises/part2/course-info/node_modules/@babel/parser/lib/index.js:12544:21)
    at FlowParserMixin.parseMaybeAssign (/Users/root1/Github/Full_Stack_open_2022_Exercises/part2/course-info/node_modules/@babel/parser/lib/index.js:6821:18)
    at FlowParserMixin.parseExpressionBase (/Users/root1/Github/Full_Stack_open_2022_Exercises/part2/course-info/node_modules/@babel/parser/lib/index.js:12480:23)
    at /Users/root1/Github/Full_Stack_open_2022_Exercises/part2/course-info/node_modules/@babel/parser/lib/index.js:12474:39
    at FlowParserMixin.allowInAnd (/Users/root1/Github/Full_Stack_open_2022_Exercises/part2/course-info/node_modules/@babel/parser/lib/index.js:14570:16)
    at FlowParserMixin.parseExpression (/Users/root1/Github/Full_Stack_open_2022_Exercises/part2/course-info/node_modules/@babel/parser/lib/index.js:12474:17)
    at FlowParserMixin.parseReturnStatement (/Users/root1/Github/Full_Stack_open_2022_Exercises/part2/course-info/node_modules/@babel/parser/lib/index.js:15302:28)
    at FlowParserMixin.parseStatementContent (/Users/root1/Github/Full_Stack_open_2022_Exercises/part2/course-info/node_modules/@babel/parser/lib/index.js:14925:21)
    at FlowParserMixin.parseStatement (/Users/root1/Github/Full_Stack_open_2022_Exercises/part2/course-info/node_modules/@babel/parser/lib/index.js:14871:17)
    at FlowParserMixin.parseStatement (/Users/root1/Github/Full_Stack_open_2022_Exercises/part2/course-info/node_modules/@babel/parser/lib/index.js:5980:24)
    at FlowParserMixin.parseBlockOrModuleBlockBody (/Users/root1/Github/Full_Stack_open_2022_Exercises/part2/course-info/node_modules/@babel/parser/lib/index.js:15531:25)
    at FlowParserMixin.parseBlockBody (/Users/root1/Github/Full_Stack_open_2022_Exercises/part2/course-info/node_modules/@babel/parser/lib/index.js:15522:10)
    at FlowParserMixin.parseBlock (/Users/root1/Github/Full_Stack_open_2022_Exercises/part2/course-info/node_modules/@babel/parser/lib/index.js:15505:10)
    at FlowParserMixin.parseFunctionBody (/Users/root1/Github/Full_Stack_open_2022_Exercises/part2/course-info/node_modules/@babel/parser/lib/index.js:14175:24)
    at /Users/root1/Github/Full_Stack_open_2022_Exercises/part2/course-info/node_modules/@babel/parser/lib/index.js:5949:70
    at FlowParserMixin.forwardNoArrowParamsConversionAt (/Users/root1/Github/Full_Stack_open_2022_Exercises/part2/course-info/node_modules/@babel/parser/lib/index.js:6166:16)
    at FlowParserMixin.parseFunctionBody (/Users/root1/Github/Full_Stack_open_2022_Exercises/part2/course-info/node_modules/@babel/parser/lib/index.js:5949:19)
    at FlowParserMixin.parseArrowExpression (/Users/root1/Github/Full_Stack_open_2022_Exercises/part2/course-info/node_modules/@babel/parser/lib/index.js:14146:10)
    at FlowParserMixin.parseParenAndDistinguishExpression (/Users/root1/Github/Full_Stack_open_2022_Exercises/part2/course-info/node_modules/@babel/parser/lib/index.js:13645:12)
    at FlowParserMixin.parseParenAndDistinguishExpression (/Users/root1/Github/Full_Stack_open_2022_Exercises/part2/course-info/node_modules/@babel/parser/lib/index.js:6873:18)

ERROR in [eslint] 
src/App.js
  Line 37:4:  Parsing error: Expected corresponding JSX closing tag for <Total>. (37:4)

webpack compiled with 2 errors
Compiling...
Compiled successfully!
webpack compiled successfully
Compiling...
Compiled successfully!
webpack compiled successfully
Compiling...
Compiled successfully!
webpack compiled successfully
Compiling...
Compiled successfully!
webpack compiled successfully
Compiling...
Compiled successfully!
webpack compiled successfully
Compiling...
Compiled successfully!
webpack compiled successfully
Compiling...
Compiled successfully!
webpack compiled successfully
Compiling...
Compiled with warnings.

[eslint] 
src/App.js
  Line 22:42:  Unexpected use of comma operator  no-sequences

Search for the keywords to learn more about each warning.
To ignore, add // eslint-disable-next-line to the line before.

WARNING in [eslint] 
src/App.js
  Line 22:42:  Unexpected use of comma operator  no-sequences

webpack compiled with 1 warning
Compiling...
Compiled with warnings.

[eslint] 
src/App.js
  Line 24:22:  Unexpected use of comma operator  no-sequences

Search for the keywords to learn more about each warning.
To ignore, add // eslint-disable-next-line to the line before.

WARNING in [eslint] 
src/App.js
  Line 24:22:  Unexpected use of comma operator  no-sequences

webpack compiled with 1 warning
Compiling...
Compiled with warnings.

[eslint] 
src/App.js
  Line 24:22:  Unexpected use of comma operator  no-sequences

Search for the keywords to learn more about each warning.
To ignore, add // eslint-disable-next-line to the line before.

WARNING in [eslint] 
src/App.js
  Line 24:22:  Unexpected use of comma operator  no-sequences

webpack compiled with 1 warning
Compiling...
Compiled successfully!
webpack compiled successfully
Compiling...
Compiled successfully!
webpack compiled successfully
Compiling...
Failed to compile.

[eslint] 
src/App.js
Syntax error: Binding member expression. (20:9) (20:9)
ERROR in ./src/App.js
Module build failed (from ./node_modules/babel-loader/lib/index.js):
SyntaxError: /Users/root1/Github/Full_Stack_open_2022_Exercises/part2/course-info/src/App.js: Binding member expression. (20:9)

  18 | const Total = ({parts}) => {
  19 |     const total = parts.reduce(
> 20 |         (accumulator.exercises, currentValue.exercises) => accumulator + currentValue
     |          ^
  21 |     );
  22 |     return (
  23 |         <div>
    at instantiate (/Users/root1/Github/Full_Stack_open_2022_Exercises/part2/course-info/node_modules/@babel/parser/lib/index.js:72:32)
    at constructor (/Users/root1/Github/Full_Stack_open_2022_Exercises/part2/course-info/node_modules/@babel/parser/lib/index.js:367:12)
    at FlowParserMixin.raise (/Users/root1/Github/Full_Stack_open_2022_Exercises/part2/course-info/node_modules/@babel/parser/lib/index.js:3706:19)
    at FlowParserMixin.checkLVal (/Users/root1/Github/Full_Stack_open_2022_Exercises/part2/course-info/node_modules/@babel/parser/lib/index.js:12287:14)
    at FlowParserMixin.checkParams (/Users/root1/Github/Full_Stack_open_2022_Exercises/part2/course-info/node_modules/@babel/parser/lib/index.js:14217:12)
    at FlowParserMixin.checkParams (/Users/root1/Github/Full_Stack_open_2022_Exercises/part2/course-info/node_modules/@babel/parser/lib/index.js:6869:18)
    at FlowParserMixin.parseFunctionBody (/Users/root1/Github/Full_Stack_open_2022_Exercises/part2/course-info/node_modules/@babel/parser/lib/index.js:14169:12)
    at /Users/root1/Github/Full_Stack_open_2022_Exercises/part2/course-info/node_modules/@babel/parser/lib/index.js:5949:70
    at FlowParserMixin.forwardNoArrowParamsConversionAt (/Users/root1/Github/Full_Stack_open_2022_Exercises/part2/course-info/node_modules/@babel/parser/lib/index.js:6166:16)
    at FlowParserMixin.parseFunctionBody (/Users/root1/Github/Full_Stack_open_2022_Exercises/part2/course-info/node_modules/@babel/parser/lib/index.js:5949:19)
    at FlowParserMixin.parseArrowExpression (/Users/root1/Github/Full_Stack_open_2022_Exercises/part2/course-info/node_modules/@babel/parser/lib/index.js:14146:10)
    at FlowParserMixin.parseParenAndDistinguishExpression (/Users/root1/Github/Full_Stack_open_2022_Exercises/part2/course-info/node_modules/@babel/parser/lib/index.js:13645:12)
    at FlowParserMixin.parseParenAndDistinguishExpression (/Users/root1/Github/Full_Stack_open_2022_Exercises/part2/course-info/node_modules/@babel/parser/lib/index.js:6873:18)
    at FlowParserMixin.parseExprAtom (/Users/root1/Github/Full_Stack_open_2022_Exercises/part2/course-info/node_modules/@babel/parser/lib/index.js:13203:23)
    at FlowParserMixin.parseExprAtom (/Users/root1/Github/Full_Stack_open_2022_Exercises/part2/course-info/node_modules/@babel/parser/lib/index.js:8203:20)
    at FlowParserMixin.parseExprSubscripts (/Users/root1/Github/Full_Stack_open_2022_Exercises/part2/course-info/node_modules/@babel/parser/lib/index.js:12875:23)
    at FlowParserMixin.parseUpdate (/Users/root1/Github/Full_Stack_open_2022_Exercises/part2/course-info/node_modules/@babel/parser/lib/index.js:12854:21)
    at FlowParserMixin.parseMaybeUnary (/Users/root1/Github/Full_Stack_open_2022_Exercises/part2/course-info/node_modules/@babel/parser/lib/index.js:12824:23)
    at FlowParserMixin.parseMaybeUnaryOrPrivate (/Users/root1/Github/Full_Stack_open_2022_Exercises/part2/course-info/node_modules/@babel/parser/lib/index.js:12615:61)
    at FlowParserMixin.parseExprOps (/Users/root1/Github/Full_Stack_open_2022_Exercises/part2/course-info/node_modules/@babel/parser/lib/index.js:12622:23)
    at FlowParserMixin.parseMaybeConditional (/Users/root1/Github/Full_Stack_open_2022_Exercises/part2/course-info/node_modules/@babel/parser/lib/index.js:12592:23)
    at FlowParserMixin.parseMaybeAssign (/Users/root1/Github/Full_Stack_open_2022_Exercises/part2/course-info/node_modules/@babel/parser/lib/index.js:12544:21)
    at FlowParserMixin.parseMaybeAssign (/Users/root1/Github/Full_Stack_open_2022_Exercises/part2/course-info/node_modules/@babel/parser/lib/index.js:6821:18)
    at /Users/root1/Github/Full_Stack_open_2022_Exercises/part2/course-info/node_modules/@babel/parser/lib/index.js:12502:39
    at FlowParserMixin.allowInAnd (/Users/root1/Github/Full_Stack_open_2022_Exercises/part2/course-info/node_modules/@babel/parser/lib/index.js:14576:12)
    at FlowParserMixin.parseMaybeAssignAllowIn (/Users/root1/Github/Full_Stack_open_2022_Exercises/part2/course-info/node_modules/@babel/parser/lib/index.js:12502:17)
    at FlowParserMixin.parseExprListItem (/Users/root1/Github/Full_Stack_open_2022_Exercises/part2/course-info/node_modules/@babel/parser/lib/index.js:14281:18)
    at FlowParserMixin.parseCallExpressionArguments (/Users/root1/Github/Full_Stack_open_2022_Exercises/part2/course-info/node_modules/@babel/parser/lib/index.js:13101:22)
    at FlowParserMixin.parseCoverCallAndAsyncArrowHead (/Users/root1/Github/Full_Stack_open_2022_Exercises/part2/course-info/node_modules/@babel/parser/lib/index.js:12998:29)
    at FlowParserMixin.parseSubscript (/Users/root1/Github/Full_Stack_open_2022_Exercises/part2/course-info/node_modules/@babel/parser/lib/index.js:12923:19)
    at FlowParserMixin.parseSubscript (/Users/root1/Github/Full_Stack_open_2022_Exercises/part2/course-info/node_modules/@babel/parser/lib/index.js:6944:18)
    at FlowParserMixin.parseSubscripts (/Users/root1/Github/Full_Stack_open_2022_Exercises/part2/course-info/node_modules/@babel/parser/lib/index.js:12892:19)
    at FlowParserMixin.parseSubscripts (/Users/root1/Github/Full_Stack_open_2022_Exercises/part2/course-info/node_modules/@babel/parser/lib/index.js:6903:18)
    at FlowParserMixin.parseExprSubscripts (/Users/root1/Github/Full_Stack_open_2022_Exercises/part2/course-info/node_modules/@babel/parser/lib/index.js:12881:17)
    at FlowParserMixin.parseUpdate (/Users/root1/Github/Full_Stack_open_2022_Exercises/part2/course-info/node_modules/@babel/parser/lib/index.js:12854:21)
    at FlowParserMixin.parseMaybeUnary (/Users/root1/Github/Full_Stack_open_2022_Exercises/part2/course-info/node_modules/@babel/parser/lib/index.js:12824:23)
    at FlowParserMixin.parseMaybeUnaryOrPrivate (/Users/root1/Github/Full_Stack_open_2022_Exercises/part2/course-info/node_modules/@babel/parser/lib/index.js:12615:61)
    at FlowParserMixin.parseExprOps (/Users/root1/Github/Full_Stack_open_2022_Exercises/part2/course-info/node_modules/@babel/parser/lib/index.js:12622:23)
    at FlowParserMixin.parseMaybeConditional (/Users/root1/Github/Full_Stack_open_2022_Exercises/part2/course-info/node_modules/@babel/parser/lib/index.js:12592:23)
    at FlowParserMixin.parseMaybeAssign (/Users/root1/Github/Full_Stack_open_2022_Exercises/part2/course-info/node_modules/@babel/parser/lib/index.js:12544:21)
    at FlowParserMixin.parseMaybeAssign (/Users/root1/Github/Full_Stack_open_2022_Exercises/part2/course-info/node_modules/@babel/parser/lib/index.js:6821:18)
    at /Users/root1/Github/Full_Stack_open_2022_Exercises/part2/course-info/node_modules/@babel/parser/lib/index.js:12502:39
    at FlowParserMixin.allowInAnd (/Users/root1/Github/Full_Stack_open_2022_Exercises/part2/course-info/node_modules/@babel/parser/lib/index.js:14570:16)
    at FlowParserMixin.parseMaybeAssignAllowIn (/Users/root1/Github/Full_Stack_open_2022_Exercises/part2/course-info/node_modules/@babel/parser/lib/index.js:12502:17)
    at FlowParserMixin.parseVar (/Users/root1/Github/Full_Stack_open_2022_Exercises/part2/course-info/node_modules/@babel/parser/lib/index.js:15617:91)
    at FlowParserMixin.parseVarStatement (/Users/root1/Github/Full_Stack_open_2022_Exercises/part2/course-info/node_modules/@babel/parser/lib/index.js:15420:10)
    at FlowParserMixin.parseStatementContent (/Users/root1/Github/Full_Stack_open_2022_Exercises/part2/course-info/node_modules/@babel/parser/lib/index.js:14946:21)
    at FlowParserMixin.parseStatement (/Users/root1/Github/Full_Stack_open_2022_Exercises/part2/course-info/node_modules/@babel/parser/lib/index.js:14871:17)
    at FlowParserMixin.parseStatement (/Users/root1/Github/Full_Stack_open_2022_Exercises/part2/course-info/node_modules/@babel/parser/lib/index.js:5980:24)
    at FlowParserMixin.parseBlockOrModuleBlockBody (/Users/root1/Github/Full_Stack_open_2022_Exercises/part2/course-info/node_modules/@babel/parser/lib/index.js:15531:25)

ERROR in [eslint] 
src/App.js
  Line 20:9:  Parsing error: Binding member expression. (20:9)

webpack compiled with 2 errors
Compiling...
Compiled successfully!
webpack compiled successfully
Compiling...
Compiled successfully!
webpack compiled successfully
Compiling...
Compiled successfully!
webpack compiled successfully
Compiling...
Compiled successfully!
webpack compiled successfully
Compiling...
Failed to compile.

[eslint] 
src/App.js
  Line 19:33:  'part' is not defined  no-undef
  Line 19:39:  'part' is not defined  no-undef

Search for the keywords to learn more about each error.
ERROR in [eslint] 
src/App.js
  Line 19:33:  'part' is not defined  no-undef
  Line 19:39:  'part' is not defined  no-undef

Search for the keywords to learn more about each error.

webpack compiled with 1 error
Compiling...
Compiled successfully!
webpack compiled successfully
Compiling...
Compiled successfully!
webpack compiled successfully
Compiling...
Compiled successfully!
webpack compiled successfully
Compiling...
Compiled successfully!
webpack compiled successfully
Compiling...
Compiled successfully!
webpack compiled successfully
